# JRE version: OpenJDK Runtime Environment (23.0.2+7) (build 23.0.2+7-58)
# Java VM: OpenJDK 64-Bit Server VM (23.0.2+7-58, mixed mode, sharing, tiered, compressed oops, compressed class ptrs, g1 gc, windows-amd64)
GC Precious Log:
 CardTable entry size: 512
 Card Set container configuration: InlinePtr #cards 4 size 8 Array Of Cards #cards 16 size 48 Howl #buckets 8 coarsen threshold 3686 Howl Bitmap #cards 512 size 80 coarsen threshold 460 Card regions per heap region 1 cards per card region 4096
 CPUs: 12 total, 12 available
 Memory: 16225M
 Large Page Support: Disabled
 NUMA Support: Disabled
 Compressed Oops: Enabled (Zero based)
 Heap Region Size: 2M
 Heap Min Capacity: 8M
 Heap Initial Capacity: 254M
 Heap Max Capacity: 4058M
 Pre-touch: Disabled
 Parallel Workers: 10
 Concurrent Workers: 3
 Concurrent Refinement Workers: 10
 Periodic GC: Disabled
Heap:
 garbage-first heap   total reserved 4155392K, committed 780288K, used 487424K [0x0000000702600000, 0x0000000800000000)
  region size 2048K, 9 young (18432K), 9 survivors (18432K)
 Metaspace       used 14139K, committed 14464K, reserved 1114112K
  class space    used 1707K, committed 1856K, reserved 1048576K
GC Heap History (19 events):
Event: 3.105 GC heap before
{Heap before GC invocations=0 (full 0):
 garbage-first heap   total reserved 4155392K, committed 260096K, used 22528K [0x0000000702600000, 0x0000000800000000)
  region size 2048K, 12 young (24576K), 0 survivors (0K)
 Metaspace       used 14108K, committed 14464K, reserved 1114112K
  class space    used 1707K, committed 1856K, reserved 1048576K
}
Event: 3.112 GC heap after
{Heap after GC invocations=1 (full 0):
 garbage-first heap   total reserved 4155392K, committed 260096K, used 6863K [0x0000000702600000, 0x0000000800000000)
  region size 2048K, 2 young (4096K), 2 survivors (4096K)
 Metaspace       used 14108K, committed 14464K, reserved 1114112K
  class space    used 1707K, committed 1856K, reserved 1048576K
}
Event: 3.142 GC heap before
{Heap before GC invocations=1 (full 0):
 garbage-first heap   total reserved 4155392K, committed 260096K, used 25295K [0x0000000702600000, 0x0000000800000000)
  region size 2048K, 12 young (24576K), 2 survivors (4096K)
 Metaspace       used 14115K, committed 14464K, reserved 1114112K
  class space    used 1707K, committed 1856K, reserved 1048576K
}
Event: 3.150 GC heap after
{Heap after GC invocations=2 (full 0):
 garbage-first heap   total reserved 4155392K, committed 260096K, used 22528K [0x0000000702600000, 0x0000000800000000)
  region size 2048K, 2 young (4096K), 2 survivors (4096K)
 Metaspace       used 14115K, committed 14464K, reserved 1114112K
  class space    used 1707K, committed 1856K, reserved 1048576K
}
Event: 3.180 GC heap before
{Heap before GC invocations=2 (full 0):
 garbage-first heap   total reserved 4155392K, committed 260096K, used 63488K [0x0000000702600000, 0x0000000800000000)
  region size 2048K, 19 young (38912K), 2 survivors (4096K)
 Metaspace       used 14115K, committed 14464K, reserved 1114112K
  class space    used 1707K, committed 1856K, reserved 1048576K
}
Event: 3.193 GC heap after
{Heap after GC invocations=3 (full 0):
 garbage-first heap   total reserved 4155392K, committed 260096K, used 58131K [0x0000000702600000, 0x0000000800000000)
  region size 2048K, 3 young (6144K), 3 survivors (6144K)
 Metaspace       used 14115K, committed 14464K, reserved 1114112K
  class space    used 1707K, committed 1856K, reserved 1048576K
}
Event: 3.216 GC heap before
{Heap before GC invocations=3 (full 0):
 garbage-first heap   total reserved 4155392K, committed 260096K, used 99091K [0x0000000702600000, 0x0000000800000000)
  region size 2048K, 21 young (43008K), 3 survivors (6144K)
 Metaspace       used 14115K, committed 14464K, reserved 1114112K
  class space    used 1707K, committed 1856K, reserved 1048576K
}
Event: 3.229 GC heap after
{Heap after GC invocations=4 (full 0):
 garbage-first heap   total reserved 4155392K, committed 260096K, used 96256K [0x0000000702600000, 0x0000000800000000)
  region size 2048K, 3 young (6144K), 3 survivors (6144K)
 Metaspace       used 14115K, committed 14464K, reserved 1114112K
  class space    used 1707K, committed 1856K, reserved 1048576K
}
Event: 3.257 GC heap before
{Heap before GC invocations=4 (full 0):
 garbage-first heap   total reserved 4155392K, committed 260096K, used 147456K [0x0000000702600000, 0x0000000800000000)
  region size 2048K, 25 young (51200K), 3 survivors (6144K)
 Metaspace       used 14139K, committed 14464K, reserved 1114112K
  class space    used 1707K, committed 1856K, reserved 1048576K
}
Event: 3.269 GC heap after
{Heap after GC invocations=5 (full 0):
 garbage-first heap   total reserved 4155392K, committed 260096K, used 141231K [0x0000000702600000, 0x0000000800000000)
  region size 2048K, 4 young (8192K), 4 survivors (8192K)
 Metaspace       used 14139K, committed 14464K, reserved 1114112K
  class space    used 1707K, committed 1856K, reserved 1048576K
}
Event: 3.274 GC heap before
{Heap before GC invocations=5 (full 0):
 garbage-first heap   total reserved 4155392K, committed 260096K, used 147375K [0x0000000702600000, 0x0000000800000000)
  region size 2048K, 8 young (16384K), 4 survivors (8192K)
 Metaspace       used 14139K, committed 14464K, reserved 1114112K
  class space    used 1707K, committed 1856K, reserved 1048576K
}
Event: 3.281 GC heap after
{Heap after GC invocations=6 (full 0):
 garbage-first heap   total reserved 4155392K, committed 780288K, used 150528K [0x0000000702600000, 0x0000000800000000)
  region size 2048K, 3 young (6144K), 3 survivors (6144K)
 Metaspace       used 14139K, committed 14464K, reserved 1114112K
  class space    used 1707K, committed 1856K, reserved 1048576K
}
Event: 3.337 GC heap before
{Heap before GC invocations=6 (full 0):
 garbage-first heap   total reserved 4155392K, committed 780288K, used 222208K [0x0000000702600000, 0x0000000800000000)
  region size 2048K, 34 young (69632K), 3 survivors (6144K)
 Metaspace       used 14139K, committed 14464K, reserved 1114112K
  class space    used 1707K, committed 1856K, reserved 1048576K
}
Event: 3.354 GC heap after
{Heap after GC invocations=7 (full 0):
 garbage-first heap   total reserved 4155392K, committed 780288K, used 214156K [0x0000000702600000, 0x0000000800000000)
  region size 2048K, 5 young (10240K), 5 survivors (10240K)
 Metaspace       used 14139K, committed 14464K, reserved 1114112K
  class space    used 1707K, committed 1856K, reserved 1048576K
}
Event: 3.410 GC heap before
{Heap before GC invocations=7 (full 0):
 garbage-first heap   total reserved 4155392K, committed 780288K, used 306316K [0x0000000702600000, 0x0000000800000000)
  region size 2048K, 44 young (90112K), 5 survivors (10240K)
 Metaspace       used 14139K, committed 14464K, reserved 1114112K
  class space    used 1707K, committed 1856K, reserved 1048576K
}
Event: 3.430 GC heap after
{Heap after GC invocations=8 (full 0):
 garbage-first heap   total reserved 4155392K, committed 780288K, used 296960K [0x0000000702600000, 0x0000000800000000)
  region size 2048K, 6 young (12288K), 6 survivors (12288K)
 Metaspace       used 14139K, committed 14464K, reserved 1114112K
  class space    used 1707K, committed 1856K, reserved 1048576K
}
Event: 3.491 GC heap before
{Heap before GC invocations=8 (full 0):
 garbage-first heap   total reserved 4155392K, committed 780288K, used 395264K [0x0000000702600000, 0x0000000800000000)
  region size 2048K, 46 young (94208K), 6 survivors (12288K)
 Metaspace       used 14139K, committed 14464K, reserved 1114112K
  class space    used 1707K, committed 1856K, reserved 1048576K
}
Event: 3.519 GC heap after
{Heap after GC invocations=9 (full 0):
 garbage-first heap   total reserved 4155392K, committed 780288K, used 387072K [0x0000000702600000, 0x0000000800000000)
  region size 2048K, 6 young (12288K), 6 survivors (12288K)
 Metaspace       used 14139K, committed 14464K, reserved 1114112K
  class space    used 1707K, committed 1856K, reserved 1048576K
}
Event: 3.606 GC heap before
{Heap before GC invocations=9 (full 0):
 garbage-first heap   total reserved 4155392K, committed 780288K, used 501760K [0x0000000702600000, 0x0000000800000000)
  region size 2048K, 63 young (129024K), 6 survivors (12288K)
 Metaspace       used 14139K, committed 14464K, reserved 1114112K
  class space    used 1707K, committed 1856K, reserved 1048576K
}

